#
# A fatal error has been detected by the Java Runtime Environment:
#
#  EXCEPTION_ACCESS_VIOLATION (0xc0000005) at pc=0x000000006040a0a5, pid=14380, tid=0x00000000000010a8
#
# JRE version: Java(TM) SE Runtime Environment (8.0_101-b13) (build 1.8.0_101-b13)
# Java VM: Java HotSpot(TM) 64-Bit Server VM (25.101-b13 mixed mode windows-amd64 compressed oops)
# Problematic frame:
# V  [jvm.dll+0x12a0a5]
#
# Failed to write core dump. Minidumps are not enabled by default on client versions of Windows
#
# If you would like to submit a bug report, please visit:
#   http://bugreport.java.com/bugreport/crash.jsp
#

---------------  T H R E A D  ---------------

Current thread (0x000000001a12a800):  JavaThread "JDWP Transport Listener: dt_socket" daemon [_thread_in_vm, id=4264, stack(0x000000001bac0000,0x000000001bbc0000)]

siginfo: ExceptionCode=0xc0000005, reading address 0xffffffffffffffff

Registers:
RAX=0x000000001bbbf001, RBX=0x000000001a12a800, RCX=0x700056003b3e3b54, RDX=0x0000000000000000
RSP=0x000000001bbbf090, RBP=0x700056003b3e3b54, RSI=0x000000001bbbf1a8, RDI=0x0000000002dfea60
R8 =0x000000001a12a800, R9 =0x0000000000000001, R10=0x0000000000008000, R11=0x000000001bbbefe0
R12=0x0000000000000000, R13=0x000000001a11fed8, R14=0x0000000000000000, R15=0x0000000000000000
RIP=0x000000006040a0a5, EFLAGS=0x0000000000010202

Top of Stack: (sp=0x000000001bbbf090)
0x000000001bbbf090:   000000001a12a800 000000001a12a800
0x000000001bbbf0a0:   000000001bbbf158 0000000060612f0b
0x000000001bbbf0b0:   000000001a12a800 000000006062f76d
0x000000001bbbf0c0:   0000000000000000 0000000060279155
0x000000001bbbf0d0:   0000000025e705d0 000000006028291e
0x000000001bbbf0e0:   000000001a12a800 0000000000000000
0x000000001bbbf0f0:   0000000000000000 0000000000000000
0x000000001bbbf100:   700056003b3e3b54 0000000060281a15
0x000000001bbbf110:   000000001bbbf1a8 000000001bbbf180
0x000000001bbbf120:   0000000000000001 0000000025e705d0
0x000000001bbbf130:   700056003b3e3b54 00000000602653b3
0x000000001bbbf140:   000000001bbbf270 0000000000000001
0x000000001bbbf150:   0000000000000001 0000000025e705d0
0x000000001bbbf160:   00000000f000100a 0000000000000000
0x000000001bbbf170:   0000000000000000 0000000000000000
0x000000001bbbf180:   0000000000000001 0000000060265571 

Instructions: (pc=0x000000006040a0a5)
0x000000006040a085:   cc cc cc cc cc cc cc cc cc cc cc 48 83 ec 28 48
0x000000006040a095:   85 c9 75 07 33 c0 48 83 c4 28 c3 48 89 5c 24 20
0x000000006040a0a5:   48 8b 19 48 85 db 74 20 48 83 fb 37 74 1a 48 8b
0x000000006040a0b5:   13 48 8b cb ff 52 10 84 c0 74 0d 48 8b c3 48 8b 


Register to memory mapping:

RAX=0x000000001bbbf001 is pointing into the stack for thread: 0x000000001a12a800
RBX=0x000000001a12a800 is a thread
RCX=0x700056003b3e3b54 is an unknown value
RDX=0x0000000000000000 is an unknown value
RSP=0x000000001bbbf090 is pointing into the stack for thread: 0x000000001a12a800
RBP=0x700056003b3e3b54 is an unknown value
RSI=0x000000001bbbf1a8 is pointing into the stack for thread: 0x000000001a12a800
RDI=0x0000000002dfea60 is an unknown value
R8 =0x000000001a12a800 is a thread
R9 =0x0000000000000001 is an unknown value
R10=0x0000000000008000 is an unknown value
R11=0x000000001bbbefe0 is pointing into the stack for thread: 0x000000001a12a800
R12=0x0000000000000000 is an unknown value
R13=0x000000001a11fed8 is an unknown value
R14=0x0000000000000000 is an unknown value
R15=0x0000000000000000 is an unknown value


Stack: [0x000000001bac0000,0x000000001bbc0000],  sp=0x000000001bbbf090,  free space=1020k
Native frames: (J=compiled Java code, j=interpreted, Vv=VM code, C=native code)
V  [jvm.dll+0x12a0a5]
V  [jvm.dll+0x34f76d]
C  [jdwp.dll+0x21a15]
C  [jdwp.dll+0x53b3]
C  [jdwp.dll+0x5571]
C  [jdwp.dll+0xf0a8]
C  [jdwp.dll+0x1f2d5]
C  [jdwp.dll+0x1f4aa]
V  [jvm.dll+0x1bd258]
V  [jvm.dll+0x2451a4]
V  [jvm.dll+0x29c18a]
C  [msvcr100.dll+0x21d9f]
C  [msvcr100.dll+0x21e3b]
C  [KERNEL32.DLL+0x17c24]
C  [ntdll.dll+0x6d4d1]


---------------  P R O C E S S  ---------------

Java Threads: ( => current thread )
  0x0000000026172800 JavaThread "DestroyJavaVM" [_thread_blocked, id=1800, stack(0x0000000002f00000,0x0000000003000000)]
  0x0000000026171800 JavaThread "http-nio-8080-Acceptor" daemon [_thread_in_native, id=5684, stack(0x000000002af30000,0x000000002b030000)]
  0x0000000026173000 JavaThread "http-nio-8080-ClientPoller" daemon [_thread_in_native, id=18680, stack(0x000000002ae30000,0x000000002af30000)]
  0x0000000026175800 JavaThread "http-nio-8080-exec-10" daemon [_thread_blocked, id=18548, stack(0x000000002ad30000,0x000000002ae30000)]
  0x0000000026177800 JavaThread "http-nio-8080-exec-9" daemon [_thread_blocked, id=13196, stack(0x000000002ac30000,0x000000002ad30000)]
  0x0000000026178800 JavaThread "http-nio-8080-exec-8" daemon [_thread_blocked, id=3492, stack(0x000000002ab30000,0x000000002ac30000)]
  0x000000002616f800 JavaThread "http-nio-8080-exec-7" daemon [_thread_blocked, id=2164, stack(0x000000002aa30000,0x000000002ab30000)]
  0x0000000026174000 JavaThread "http-nio-8080-exec-6" daemon [_thread_blocked, id=776, stack(0x000000002a930000,0x000000002aa30000)]
  0x0000000026171000 JavaThread "http-nio-8080-exec-5" daemon [_thread_blocked, id=19504, stack(0x0000000027fa0000,0x00000000280a0000)]
  0x0000000026176000 JavaThread "http-nio-8080-exec-4" daemon [_thread_blocked, id=13364, stack(0x0000000027ea0000,0x0000000027fa0000)]
  0x0000000026174800 JavaThread "http-nio-8080-exec-3" daemon [_thread_blocked, id=11308, stack(0x0000000027da0000,0x0000000027ea0000)]
  0x0000000026170000 JavaThread "http-nio-8080-exec-2" daemon [_thread_blocked, id=13048, stack(0x0000000027ca0000,0x0000000027da0000)]
  0x000000001ccaa800 JavaThread "http-nio-8080-exec-1" daemon [_thread_blocked, id=16648, stack(0x0000000027ba0000,0x0000000027ca0000)]
  0x000000001cca8800 JavaThread "http-nio-8080-BlockPoller" daemon [_thread_in_native, id=6728, stack(0x0000000027aa0000,0x0000000027ba0000)]
  0x000000001cca6000 JavaThread "container-0" [_thread_blocked, id=5856, stack(0x0000000027570000,0x0000000027670000)]
  0x000000001cca5800 JavaThread "Catalina-utility-2" [_thread_blocked, id=3948, stack(0x0000000027200000,0x0000000027300000)]
  0x000000001cca4800 JavaThread "Catalina-utility-1" [_thread_blocked, id=6560, stack(0x0000000026bf0000,0x0000000026cf0000)]
  0x000000001ccab800 JavaThread "HikariPool-1 housekeeper" daemon [_thread_blocked, id=19532, stack(0x0000000022e40000,0x0000000022f40000)]
  0x000000001cca7800 JavaThread "PostgreSQL-JDBC-SharedTimer-1" daemon [_thread_blocked, id=14808, stack(0x0000000022b40000,0x0000000022c40000)]
  0x000000001cca9000 JavaThread "JMX server connection timeout 20" daemon [_thread_blocked, id=11672, stack(0x000000001d800000,0x000000001d900000)]
  0x000000001cc8a800 JavaThread "RMI TCP Connection(10)-192.168.62.2" daemon [_thread_in_native, id=424, stack(0x000000001d700000,0x000000001d800000)]
  0x000000001cc84000 JavaThread "RMI Scheduler(0)" daemon [_thread_blocked, id=17776, stack(0x000000001d600000,0x000000001d700000)]
  0x000000001c7d6000 JavaThread "RMI TCP Accept-0" daemon [_thread_in_native, id=1660, stack(0x000000001cfc0000,0x000000001d0c0000)]
  0x000000001c7b4000 JavaThread "RMI TCP Accept-56896" daemon [_thread_in_native, id=6380, stack(0x000000001cec0000,0x000000001cfc0000)]
  0x000000001c759800 JavaThread "RMI TCP Accept-0" daemon [_thread_in_native, id=19216, stack(0x000000001cdc0000,0x000000001cec0000)]
  0x000000001c117000 JavaThread "Service Thread" daemon [_thread_blocked, id=14480, stack(0x000000001c4c0000,0x000000001c5c0000)]
  0x000000001a14c000 JavaThread "C1 CompilerThread2" daemon [_thread_blocked, id=16360, stack(0x000000001bfc0000,0x000000001c0c0000)]
  0x000000001a141800 JavaThread "C2 CompilerThread1" daemon [_thread_blocked, id=2184, stack(0x000000001bec0000,0x000000001bfc0000)]
  0x000000001a13d800 JavaThread "C2 CompilerThread0" daemon [_thread_blocked, id=14692, stack(0x000000001bdc0000,0x000000001bec0000)]
  0x000000001a131800 JavaThread "JDWP Command Reader" daemon [_thread_in_native, id=11296, stack(0x000000001bcc0000,0x000000001bdc0000)]
  0x000000001a12d000 JavaThread "JDWP Event Helper Thread" daemon [_thread_blocked, id=13012, stack(0x000000001bbc0000,0x000000001bcc0000)]
=>0x000000001a12a800 JavaThread "JDWP Transport Listener: dt_socket" daemon [_thread_in_vm, id=4264, stack(0x000000001bac0000,0x000000001bbc0000)]
  0x000000001a117800 JavaThread "Attach Listener" daemon [_thread_blocked, id=19204, stack(0x000000001b680000,0x000000001b780000)]
  0x000000001a114000 JavaThread "Signal Dispatcher" daemon [_thread_blocked, id=15948, stack(0x000000001b580000,0x000000001b680000)]
  0x000000001a100000 JavaThread "Finalizer" daemon [_thread_blocked, id=8220, stack(0x000000001b380000,0x000000001b480000)]
  0x00000000030f5800 JavaThread "Reference Handler" daemon [_thread_blocked, id=18840, stack(0x000000001b280000,0x000000001b380000)]

Other Threads:
  0x000000001a0d7000 VMThread [stack: 0x000000001b180000,0x000000001b280000] [id=14404]
  0x000000001c7d9000 WatcherThread [stack: 0x000000001d0c0000,0x000000001d1c0000] [id=640]

VM state:not at safepoint (normal execution)

VM Mutex/Monitor currently owned by a thread: None

Heap:
 PSYoungGen      total 215552K, used 132156K [0x0000000780d00000, 0x0000000792f00000, 0x00000007c0000000)
  eden space 201216K, 65% used [0x0000000780d00000,0x0000000788e0f338,0x000000078d180000)
  from space 14336K, 0% used [0x000000078d180000,0x000000078d180000,0x000000078df80000)
  to   space 15360K, 0% used [0x0000000792000000,0x0000000792000000,0x0000000792f00000)
 ParOldGen       total 144384K, used 22875K [0x0000000702600000, 0x000000070b300000, 0x0000000780d00000)
  object space 144384K, 15% used [0x0000000702600000,0x0000000703c56d08,0x000000070b300000)
 Metaspace       used 65400K, capacity 68884K, committed 68992K, reserved 1107968K
  class space    used 8942K, capacity 9510K, committed 9600K, reserved 1048576K

Card table byte_map: [0x00000000124c0000,0x0000000012ab0000] byte_map_base: 0x000000000ecad000

Marking Bits: (ParMarkBitMap*) 0x0000000060afa6d0
 Begin Bits: [0x00000000132b0000, 0x0000000016218000)
 End Bits:   [0x0000000016218000, 0x0000000019180000)

Polling page: 0x0000000001090000

CodeCache: size=245760Kb used=15999Kb max_used=16346Kb free=229760Kb
 bounds [0x0000000003100000, 0x0000000004170000, 0x0000000012100000]
 total_blobs=5613 nmethods=5050 adapters=482
 compilation: enabled

Compilation events (10 events):
Event: 267.576 Thread 0x000000001a14c000 5866       3       sun.nio.ch.SelectorImpl::keys (28 bytes)
Event: 267.577 Thread 0x000000001a14c000 nmethod 5866 0x0000000004110c10 code [0x0000000004110da0, 0x0000000004111258]
Event: 287.803 Thread 0x000000001a14c000 5867   !   3       java.util.concurrent.ScheduledThreadPoolExecutor$DelayedWorkQueue::offer (124 bytes)
Event: 287.807 Thread 0x000000001a14c000 nmethod 5867 0x000000000410e910 code [0x000000000410ebc0, 0x000000000410ffe8]
Event: 287.807 Thread 0x000000001a14c000 5868       3       java.util.concurrent.ThreadPoolExecutor::ensurePrestart (41 bytes)
Event: 287.808 Thread 0x000000001a14c000 nmethod 5868 0x000000000410e2d0 code [0x000000000410e460, 0x000000000410e7f8]
Event: 293.803 Thread 0x000000001a14c000 5869       3       java.util.concurrent.ThreadPoolExecutor::beforeExecute (1 bytes)
Event: 293.804 Thread 0x000000001a14c000 nmethod 5869 0x000000000410dfd0 code [0x000000000410e120, 0x000000000410e270]
Event: 304.804 Thread 0x000000001a14c000 5870       3       java.util.concurrent.ScheduledThreadPoolExecutor$DelayedWorkQueue::finishPoll (44 bytes)
Event: 304.804 Thread 0x000000001a14c000 nmethod 5870 0x000000000410d610 code [0x000000000410d7a0, 0x000000000410dda8]

GC Heap History (10 events):
Event: 5.008 GC heap before
{Heap before GC invocations=8 (full 1):
 PSYoungGen      total 130048K, used 28972K [0x0000000780d00000, 0x000000078b500000, 0x00000007c0000000)
  eden space 121344K, 16% used [0x0000000780d00000,0x00000007820ccdb8,0x0000000788380000)
  from space 8704K, 99% used [0x0000000788e80000,0x00000007896fe638,0x0000000789700000)
  to   space 11264K, 0% used [0x0000000788380000,0x0000000788380000,0x0000000788e80000)
 ParOldGen       total 74752K, used 8856K [0x0000000702600000, 0x0000000706f00000, 0x0000000780d00000)
  object space 74752K, 11% used [0x0000000702600000,0x0000000702ea60d0,0x0000000706f00000)
 Metaspace       used 33631K, capacity 35438K, committed 35456K, reserved 1079296K
  class space    used 4395K, capacity 4724K, committed 4736K, reserved 1048576K
Event: 5.022 GC heap after
Heap after GC invocations=8 (full 1):
 PSYoungGen      total 132608K, used 7135K [0x0000000780d00000, 0x000000078ed80000, 0x00000007c0000000)
  eden space 121344K, 0% used [0x0000000780d00000,0x0000000780d00000,0x0000000788380000)
  from space 11264K, 63% used [0x0000000788380000,0x0000000788a77d48,0x0000000788e80000)
  to   space 10752K, 0% used [0x000000078e300000,0x000000078e300000,0x000000078ed80000)
 ParOldGen       total 74752K, used 8864K [0x0000000702600000, 0x0000000706f00000, 0x0000000780d00000)
  object space 74752K, 11% used [0x0000000702600000,0x0000000702ea80d0,0x0000000706f00000)
 Metaspace       used 33631K, capacity 35438K, committed 35456K, reserved 1079296K
  class space    used 4395K, capacity 4724K, committed 4736K, reserved 1048576K
}
Event: 5.022 GC heap before
{Heap before GC invocations=9 (full 2):
 PSYoungGen      total 132608K, used 7135K [0x0000000780d00000, 0x000000078ed80000, 0x00000007c0000000)
  eden space 121344K, 0% used [0x0000000780d00000,0x0000000780d00000,0x0000000788380000)
  from space 11264K, 63% used [0x0000000788380000,0x0000000788a77d48,0x0000000788e80000)
  to   space 10752K, 0% used [0x000000078e300000,0x000000078e300000,0x000000078ed80000)
 ParOldGen       total 74752K, used 8864K [0x0000000702600000, 0x0000000706f00000, 0x0000000780d00000)
  object space 74752K, 11% used [0x0000000702600000,0x0000000702ea80d0,0x0000000706f00000)
 Metaspace       used 33631K, capacity 35438K, committed 35456K, reserved 1079296K
  class space    used 4395K, capacity 4724K, committed 4736K, reserved 1048576K
Event: 5.085 GC heap after
Heap after GC invocations=9 (full 2):
 PSYoungGen      total 132608K, used 0K [0x0000000780d00000, 0x000000078ed80000, 0x00000007c0000000)
  eden space 121344K, 0% used [0x0000000780d00000,0x0000000780d00000,0x0000000788380000)
  from space 11264K, 0% used [0x0000000788380000,0x0000000788380000,0x0000000788e80000)
  to   space 10752K, 0% used [0x000000078e300000,0x000000078e300000,0x000000078ed80000)
 ParOldGen       total 103936K, used 11610K [0x0000000702600000, 0x0000000708b80000, 0x0000000780d00000)
  object space 103936K, 11% used [0x0000000702600000,0x0000000703156880,0x0000000708b80000)
 Metaspace       used 33631K, capacity 35438K, committed 35456K, reserved 1079296K
  class space    used 4395K, capacity 4724K, committed 4736K, reserved 1048576K
}
Event: 8.194 GC heap before
{Heap before GC invocations=10 (full 2):
 PSYoungGen      total 132608K, used 121344K [0x0000000780d00000, 0x000000078ed80000, 0x00000007c0000000)
  eden space 121344K, 100% used [0x0000000780d00000,0x0000000788380000,0x0000000788380000)
  from space 11264K, 0% used [0x0000000788380000,0x0000000788380000,0x0000000788e80000)
  to   space 10752K, 0% used [0x000000078e300000,0x000000078e300000,0x000000078ed80000)
 ParOldGen       total 103936K, used 11610K [0x0000000702600000, 0x0000000708b80000, 0x0000000780d00000)
  object space 103936K, 11% used [0x0000000702600000,0x0000000703156880,0x0000000708b80000)
 Metaspace       used 49256K, capacity 51444K, committed 51840K, reserved 1093632K
  class space    used 6795K, capacity 7177K, committed 7296K, reserved 1048576K
Event: 8.214 GC heap after
Heap after GC invocations=10 (full 2):
 PSYoungGen      total 207360K, used 10728K [0x0000000780d00000, 0x000000078ed80000, 0x00000007c0000000)
  eden space 196608K, 0% used [0x0000000780d00000,0x0000000780d00000,0x000000078cd00000)
  from space 10752K, 99% used [0x000000078e300000,0x000000078ed7a0f0,0x000000078ed80000)
  to   space 14336K, 0% used [0x000000078d180000,0x000000078d180000,0x000000078df80000)
 ParOldGen       total 103936K, used 17532K [0x0000000702600000, 0x0000000708b80000, 0x0000000780d00000)
  object space 103936K, 16% used [0x0000000702600000,0x000000070371f248,0x0000000708b80000)
 Metaspace       used 49256K, capacity 51444K, committed 51840K, reserved 1093632K
  class space    used 6795K, capacity 7177K, committed 7296K, reserved 1048576K
}
Event: 9.724 GC heap before
{Heap before GC invocations=11 (full 2):
 PSYoungGen      total 207360K, used 102308K [0x0000000780d00000, 0x000000078ed80000, 0x00000007c0000000)
  eden space 196608K, 46% used [0x0000000780d00000,0x000000078666f2c8,0x000000078cd00000)
  from space 10752K, 99% used [0x000000078e300000,0x000000078ed7a0f0,0x000000078ed80000)
  to   space 14336K, 0% used [0x000000078d180000,0x000000078d180000,0x000000078df80000)
 ParOldGen       total 103936K, used 17532K [0x0000000702600000, 0x0000000708b80000, 0x0000000780d00000)
  object space 103936K, 16% used [0x0000000702600000,0x000000070371f248,0x0000000708b80000)
 Metaspace       used 56077K, capacity 58988K, committed 59096K, reserved 1099776K
  class space    used 7730K, capacity 8217K, committed 8320K, reserved 1048576K
Event: 9.749 GC heap after
Heap after GC invocations=11 (full 2):
 PSYoungGen      total 215552K, used 12638K [0x0000000780d00000, 0x0000000792f00000, 0x00000007c0000000)
  eden space 201216K, 0% used [0x0000000780d00000,0x0000000780d00000,0x000000078d180000)
  from space 14336K, 88% used [0x000000078d180000,0x000000078ddd7ba0,0x000000078df80000)
  to   space 15360K, 0% used [0x0000000792000000,0x0000000792000000,0x0000000792f00000)
 ParOldGen       total 103936K, used 17540K [0x0000000702600000, 0x0000000708b80000, 0x0000000780d00000)
  object space 103936K, 16% used [0x0000000702600000,0x0000000703721248,0x0000000708b80000)
 Metaspace       used 56077K, capacity 58988K, committed 59096K, reserved 1099776K
  class space    used 7730K, capacity 8217K, committed 8320K, reserved 1048576K
}
Event: 9.749 GC heap before
{Heap before GC invocations=12 (full 3):
 PSYoungGen      total 215552K, used 12638K [0x0000000780d00000, 0x0000000792f00000, 0x00000007c0000000)
  eden space 201216K, 0% used [0x0000000780d00000,0x0000000780d00000,0x000000078d180000)
  from space 14336K, 88% used [0x000000078d180000,0x000000078ddd7ba0,0x000000078df80000)
  to   space 15360K, 0% used [0x0000000792000000,0x0000000792000000,0x0000000792f00000)
 ParOldGen       total 103936K, used 17540K [0x0000000702600000, 0x0000000708b80000, 0x0000000780d00000)
  object space 103936K, 16% used [0x0000000702600000,0x0000000703721248,0x0000000708b80000)
 Metaspace       used 56077K, capacity 58988K, committed 59096K, reserved 1099776K
  class space    used 7730K, capacity 8217K, committed 8320K, reserved 1048576K
Event: 9.939 GC heap after
Heap after GC invocations=12 (full 3):
 PSYoungGen      total 215552K, used 0K [0x0000000780d00000, 0x0000000792f00000, 0x00000007c0000000)
  eden space 201216K, 0% used [0x0000000780d00000,0x0000000780d00000,0x000000078d180000)
  from space 14336K, 0% used [0x000000078d180000,0x000000078d180000,0x000000078df80000)
  to   space 15360K, 0% used [0x0000000792000000,0x0000000792000000,0x0000000792f00000)
 ParOldGen       total 144384K, used 22875K [0x0000000702600000, 0x000000070b300000, 0x0000000780d00000)
  object space 144384K, 15% used [0x0000000702600000,0x0000000703c56d08,0x000000070b300000)
 Metaspace       used 56077K, capacity 58988K, committed 59096K, reserved 1099776K
  class space    used 7730K, capacity 8217K, committed 8320K, reserved 1048576K
}

Deoptimization events (10 events):
Event: 156.307 Thread 0x0000000026170000 Uncommon trap: reason=unhandled action=none pc=0x0000000003cf2760 method=java.net.URLClassLoader.findClass(Ljava/lang/String;)Ljava/lang/Class; @ 44
Event: 156.307 Thread 0x0000000026170000 Uncommon trap: reason=unhandled action=none pc=0x0000000003cf2760 method=java.net.URLClassLoader.findClass(Ljava/lang/String;)Ljava/lang/Class; @ 44
Event: 156.308 Thread 0x0000000026170000 Uncommon trap: reason=range_check action=none pc=0x00000000033ee7e4 method=sun.reflect.generics.parser.SignatureParser.current()C @ 34
Event: 156.308 Thread 0x0000000026170000 Uncommon trap: reason=range_check action=none pc=0x00000000033ee7e4 method=sun.reflect.generics.parser.SignatureParser.current()C @ 34
Event: 156.309 Thread 0x0000000026170000 Uncommon trap: reason=range_check action=none pc=0x00000000033ee7e4 method=sun.reflect.generics.parser.SignatureParser.current()C @ 34
Event: 156.310 Thread 0x0000000026170000 Uncommon trap: reason=range_check action=none pc=0x00000000033ee7e4 method=sun.reflect.generics.parser.SignatureParser.current()C @ 34
Event: 156.311 Thread 0x0000000026170000 Uncommon trap: reason=unhandled action=none pc=0x0000000003cf2760 method=java.net.URLClassLoader.findClass(Ljava/lang/String;)Ljava/lang/Class; @ 44
Event: 156.313 Thread 0x0000000026170000 Uncommon trap: reason=unhandled action=none pc=0x0000000003cf2760 method=java.net.URLClassLoader.findClass(Ljava/lang/String;)Ljava/lang/Class; @ 44
Event: 156.314 Thread 0x0000000026170000 Uncommon trap: reason=unhandled action=none pc=0x0000000003cf2760 method=java.net.URLClassLoader.findClass(Ljava/lang/String;)Ljava/lang/Class; @ 44
Event: 156.315 Thread 0x0000000026170000 Uncommon trap: reason=unhandled action=none pc=0x0000000003cf2760 method=java.net.URLClassLoader.findClass(Ljava/lang/String;)Ljava/lang/Class; @ 44

Internal exceptions (10 events):
Event: 156.226 Thread 0x0000000026170000 Exception <a 'java/lang/ArrayIndexOutOfBoundsException': 151> (0x00000007885f6be0) thrown at [C:\re\workspace\8-2-build-windows-amd64-cygwin\jdk8u101\7261\hotspot\src\share\vm\interpreter\interpreterRuntime.cpp, line 366]
Event: 156.229 Thread 0x0000000026170000 Exception <a 'java/lang/ArrayIndexOutOfBoundsException': 38> (0x0000000788611550) thrown at [C:\re\workspace\8-2-build-windows-amd64-cygwin\jdk8u101\7261\hotspot\src\share\vm\interpreter\interpreterRuntime.cpp, line 366]
Event: 156.229 Thread 0x0000000026170000 Exception <a 'java/lang/ArrayIndexOutOfBoundsException': 44> (0x0000000788612d58) thrown at [C:\re\workspace\8-2-build-windows-amd64-cygwin\jdk8u101\7261\hotspot\src\share\vm\interpreter\interpreterRuntime.cpp, line 366]
Event: 156.246 Thread 0x0000000026170000 Exception <a 'java/lang/ArrayIndexOutOfBoundsException': 151> (0x00000007886adc28) thrown at [C:\re\workspace\8-2-build-windows-amd64-cygwin\jdk8u101\7261\hotspot\src\share\vm\interpreter\interpreterRuntime.cpp, line 366]
Event: 156.247 Thread 0x0000000026170000 Exception <a 'java/lang/ArrayIndexOutOfBoundsException': 38> (0x00000007886b0a00) thrown at [C:\re\workspace\8-2-build-windows-amd64-cygwin\jdk8u101\7261\hotspot\src\share\vm\interpreter\interpreterRuntime.cpp, line 366]
Event: 156.248 Thread 0x0000000026170000 Exception <a 'java/lang/ArrayIndexOutOfBoundsException': 44> (0x00000007886b2158) thrown at [C:\re\workspace\8-2-build-windows-amd64-cygwin\jdk8u101\7261\hotspot\src\share\vm\interpreter\interpreterRuntime.cpp, line 366]
Event: 156.308 Thread 0x0000000026170000 Exception <a 'java/lang/ArrayIndexOutOfBoundsException': 137> (0x0000000788946f40) thrown at [C:\re\workspace\8-2-build-windows-amd64-cygwin\jdk8u101\7261\hotspot\src\share\vm\interpreter\interpreterRuntime.cpp, line 366]
Event: 156.308 Thread 0x0000000026170000 Exception <a 'java/lang/ArrayIndexOutOfBoundsException': 83> (0x000000078894a430) thrown at [C:\re\workspace\8-2-build-windows-amd64-cygwin\jdk8u101\7261\hotspot\src\share\vm\interpreter\interpreterRuntime.cpp, line 366]
Event: 156.309 Thread 0x0000000026170000 Exception <a 'java/lang/ArrayIndexOutOfBoundsException': 101> (0x0000000788953070) thrown at [C:\re\workspace\8-2-build-windows-amd64-cygwin\jdk8u101\7261\hotspot\src\share\vm\interpreter\interpreterRuntime.cpp, line 366]
Event: 156.311 Thread 0x0000000026170000 Exception <a 'java/lang/ArrayIndexOutOfBoundsException': 149> (0x000000078896ff10) thrown at [C:\re\workspace\8-2-build-windows-amd64-cygwin\jdk8u101\7261\hotspot\src\share\vm\interpreter\interpreterRuntime.cpp, line 366]

Events (10 events):
Event: 156.316 loading class org/springframework/web/context/request/WebRequest
Event: 156.316 loading class org/springframework/web/context/request/WebRequest done
Event: 156.316 loading class org/springframework/web/method/annotation/SessionAttributesHandler
Event: 156.316 loading class org/springframework/web/method/annotation/SessionAttributesHandler done
Event: 156.317 Executing VM operation: RevokeBias
Event: 156.318 Executing VM operation: RevokeBias done
Event: 189.442 Thread 0x000000001a14c000 flushing nmethod 0x0000000003450650
Event: 189.442 Thread 0x000000001a14c000 flushing nmethod 0x0000000003451410
Event: 304.736 Executing VM operation: RedefineClasses
Event: 304.803 Executing VM operation: RedefineClasses done


Dynamic libraries:
0x00007ff69da70000 - 0x00007ff69daa7000 	C:\Program Files\Java\jdk1.8.0_101\bin\javaw.exe
0x00007ffbfb640000 - 0x00007ffbfb830000 	C:\WINDOWS\SYSTEM32\ntdll.dll
0x00007ffbfaf80000 - 0x00007ffbfb032000 	C:\WINDOWS\System32\KERNEL32.DLL
0x00007ffbf9410000 - 0x00007ffbf96b5000 	C:\WINDOWS\System32\KERNELBASE.dll
0x00007ffbfb120000 - 0x00007ffbfb1c3000 	C:\WINDOWS\System32\ADVAPI32.dll
0x00007ffbfb550000 - 0x00007ffbfb5ee000 	C:\WINDOWS\System32\msvcrt.dll
0x00007ffbf9830000 - 0x00007ffbf98c7000 	C:\WINDOWS\System32\sechost.dll
0x00007ffbf9930000 - 0x00007ffbf9a4f000 	C:\WINDOWS\System32\RPCRT4.dll
0x00007ffbfb3b0000 - 0x00007ffbfb544000 	C:\WINDOWS\System32\USER32.dll
0x00007ffbf96c0000 - 0x00007ffbf96e1000 	C:\WINDOWS\System32\win32u.dll
0x00007ffbfaf50000 - 0x00007ffbfaf76000 	C:\WINDOWS\System32\GDI32.dll
0x00007ffbf87c0000 - 0x00007ffbf8958000 	C:\WINDOWS\System32\gdi32full.dll
0x00007ffbf91c0000 - 0x00007ffbf925e000 	C:\WINDOWS\System32\msvcp_win.dll
0x00007ffbf86c0000 - 0x00007ffbf87ba000 	C:\WINDOWS\System32\ucrtbase.dll
0x00007ffbe1330000 - 0x00007ffbe15b4000 	C:\WINDOWS\WinSxS\amd64_microsoft.windows.common-controls_6595b64144ccf1df_6.0.18362.1316_none_9e7a364fe461dbd7\COMCTL32.dll
0x00007ffbfab50000 - 0x00007ffbfae87000 	C:\WINDOWS\System32\combase.dll
0x00007ffbf85c0000 - 0x00007ffbf8641000 	C:\WINDOWS\System32\bcryptPrimitives.dll
0x00007ffbf9ea0000 - 0x00007ffbf9ece000 	C:\WINDOWS\System32\IMM32.DLL
0x0000000060b80000 - 0x0000000060c52000 	C:\Program Files\Java\jdk1.8.0_101\jre\bin\msvcr100.dll
0x00000000602e0000 - 0x0000000060b7a000 	C:\Program Files\Java\jdk1.8.0_101\jre\bin\server\jvm.dll
0x00007ffbf9d50000 - 0x00007ffbf9d58000 	C:\WINDOWS\System32\PSAPI.DLL
0x00007ffbe3890000 - 0x00007ffbe3899000 	C:\WINDOWS\SYSTEM32\WSOCK32.dll
0x00007ffbfaae0000 - 0x00007ffbfab4f000 	C:\WINDOWS\System32\WS2_32.dll
0x00007ffbf5e30000 - 0x00007ffbf5e54000 	C:\WINDOWS\SYSTEM32\WINMM.dll
0x00007ffbee770000 - 0x00007ffbee77a000 	C:\WINDOWS\SYSTEM32\VERSION.dll
0x00007ffbf5e00000 - 0x00007ffbf5e2d000 	C:\WINDOWS\SYSTEM32\WINMMBASE.dll
0x00007ffbf8650000 - 0x00007ffbf869a000 	C:\WINDOWS\System32\cfgmgr32.dll
0x00000000602d0000 - 0x00000000602df000 	C:\Program Files\Java\jdk1.8.0_101\jre\bin\verify.dll
0x00000000602a0000 - 0x00000000602c9000 	C:\Program Files\Java\jdk1.8.0_101\jre\bin\java.dll
0x0000000060260000 - 0x0000000060295000 	C:\Program Files\Java\jdk1.8.0_101\jre\bin\jdwp.dll
0x0000000060250000 - 0x0000000060258000 	C:\Program Files\Java\jdk1.8.0_101\jre\bin\npt.dll
0x0000000060230000 - 0x0000000060246000 	C:\Program Files\Java\jdk1.8.0_101\jre\bin\zip.dll
0x00007ffbfa3f0000 - 0x00007ffbfaad8000 	C:\WINDOWS\System32\SHELL32.dll
0x00007ffbfa340000 - 0x00007ffbfa3e7000 	C:\WINDOWS\System32\shcore.dll
0x00007ffbf8960000 - 0x00007ffbf90db000 	C:\WINDOWS\System32\windows.storage.dll
0x00007ffbf8570000 - 0x00007ffbf8593000 	C:\WINDOWS\System32\profapi.dll
0x00007ffbf8500000 - 0x00007ffbf854a000 	C:\WINDOWS\System32\powrprof.dll
0x00007ffbf84f0000 - 0x00007ffbf8500000 	C:\WINDOWS\System32\UMPDC.dll
0x00007ffbf98d0000 - 0x00007ffbf9922000 	C:\WINDOWS\System32\shlwapi.dll
0x00007ffbf85a0000 - 0x00007ffbf85b1000 	C:\WINDOWS\System32\kernel.appcore.dll
0x00007ffbf86a0000 - 0x00007ffbf86b7000 	C:\WINDOWS\System32\cryptsp.dll
0x0000000060220000 - 0x0000000060229000 	C:\Program Files\Java\jdk1.8.0_101\jre\bin\dt_socket.dll
0x00007ffbe4b40000 - 0x00007ffbe4b56000 	C:\WINDOWS\system32\napinsp.dll
0x00007ffbe3610000 - 0x00007ffbe362a000 	C:\WINDOWS\system32\pnrpnsp.dll
0x00007ffbf7cd0000 - 0x00007ffbf7d37000 	C:\WINDOWS\System32\mswsock.dll
0x00007ffbf7a20000 - 0x00007ffbf7aeb000 	C:\WINDOWS\SYSTEM32\DNSAPI.dll
0x00007ffbfae90000 - 0x00007ffbfae98000 	C:\WINDOWS\System32\NSI.dll
0x00007ffbf79e0000 - 0x00007ffbf7a1a000 	C:\WINDOWS\SYSTEM32\IPHLPAPI.DLL
0x00007ffbec6c0000 - 0x00007ffbec6ce000 	C:\WINDOWS\System32\winrnr.dll
0x00007ffbf4560000 - 0x00007ffbf457c000 	C:\WINDOWS\system32\NLAapi.dll
0x00007ffbf28d0000 - 0x00007ffbf28e5000 	C:\WINDOWS\system32\wshbth.dll
0x00007ffbf0c30000 - 0x00007ffbf0ca7000 	C:\WINDOWS\System32\fwpuclnt.dll
0x00007ffbf90e0000 - 0x00007ffbf9106000 	C:\WINDOWS\System32\bcrypt.dll
0x00007ffbede90000 - 0x00007ffbede9a000 	C:\Windows\System32\rasadhlp.dll
0x0000000060210000 - 0x000000006021d000 	C:\Program Files\Java\jdk1.8.0_101\jre\bin\management.dll
0x00000000601f0000 - 0x000000006020a000 	C:\Program Files\Java\jdk1.8.0_101\jre\bin\net.dll
0x00000000601d0000 - 0x00000000601e1000 	C:\Program Files\Java\jdk1.8.0_101\jre\bin\nio.dll
0x00007ffbf7850000 - 0x00007ffbf7883000 	C:\WINDOWS\system32\rsaenh.dll
0x00007ffbf8410000 - 0x00007ffbf8435000 	C:\WINDOWS\SYSTEM32\USERENV.dll
0x00007ffbf7ea0000 - 0x00007ffbf7eac000 	C:\WINDOWS\SYSTEM32\CRYPTBASE.dll
0x00007ffbf2050000 - 0x00007ffbf2066000 	C:\WINDOWS\SYSTEM32\dhcpcsvc6.DLL
0x00007ffbf11b0000 - 0x00007ffbf11cc000 	C:\WINDOWS\SYSTEM32\dhcpcsvc.DLL
0x00000000601a0000 - 0x00000000601c4000 	C:\Program Files\Java\jdk1.8.0_101\jre\bin\sunec.dll
0x00007ffbf6d00000 - 0x00007ffbf6ef4000 	C:\WINDOWS\SYSTEM32\dbghelp.dll

VM Arguments:
jvm_args: -agentlib:jdwp=transport=dt_socket,suspend=y,address=localhost:56897 -Dcom.sun.management.jmxremote -Dcom.sun.management.jmxremote.port=56896 -Dcom.sun.management.jmxremote.authenticate=false -Dcom.sun.management.jmxremote.ssl=false -Dspring.liveBeansView.mbeanDomain -Dspring.application.admin.enabled=true -Dfile.encoding=UTF-8 
java_command: com.patitas.SpringBootDataJpaApplication --spring.output.ansi.enabled=always
java_class_path (initial): C:\Users\panao\git\Backend-PatitasEnfoca\target\classes;C:\Users\panao\.m2\repository\org\springframework\boot\spring-boot-starter-data-jpa\2.2.1.RELEASE\spring-boot-starter-data-jpa-2.2.1.RELEASE.jar;C:\Users\panao\.m2\repository\org\springframework\boot\spring-boot-starter-aop\2.2.1.RELEASE\spring-boot-starter-aop-2.2.1.RELEASE.jar;C:\Users\panao\.m2\repository\org\aspectj\aspectjweaver\1.9.4\aspectjweaver-1.9.4.jar;C:\Users\panao\.m2\repository\org\springframework\boot\spring-boot-starter-jdbc\2.2.1.RELEASE\spring-boot-starter-jdbc-2.2.1.RELEASE.jar;C:\Users\panao\.m2\repository\com\zaxxer\HikariCP\3.4.1\HikariCP-3.4.1.jar;C:\Users\panao\.m2\repository\org\springframework\spring-jdbc\5.2.1.RELEASE\spring-jdbc-5.2.1.RELEASE.jar;C:\Users\panao\.m2\repository\jakarta\activation\jakarta.activation-api\1.2.1\jakarta.activation-api-1.2.1.jar;C:\Users\panao\.m2\repository\jakarta\persistence\jakarta.persistence-api\2.2.3\jakarta.persistence-api-2.2.3.jar;C:\Users\panao\.m2\repository\jakarta\transaction\jakarta.transaction-api\1.3.3\jakarta.transaction-api-1.3.3.jar;C:\Users\panao\.m2\repository\org\hibernate\hibernate-core\5.4.8.Final\hibernate-core-5.4.8.Final.jar;C:\Users\panao\.m2\repository\org\jboss\logging\jboss-logging\3.4.1.Final\jboss-logging-3.4.1.Final.jar;C:\Users\panao\.m2\repository\org\javassist\javassist\3.24.0-GA\javassist-3.24.0-GA.jar;C:\Users\panao\.m2\repository\net\bytebuddy\byte-buddy\1.10.2\byte-buddy-1.10.2.jar;C:\Users\panao\.m2\repository\antlr\antlr\2.7.7\antlr-2.7.7.jar;C:\Users\panao\.m2\repository\org\jboss\jandex\2.0.5.Final\jandex-2.0.5.Final.jar;C:\Users\panao\.m2\repository\com\fasterxml\classmate\1.5.1\classmate-1.5.1.jar;C:\Users\panao\.m2\repository\org\dom4j\dom4j\2.1.1\dom4j-2.1.1.jar;C:\Users\panao\.m2\repository\org\hibernate\common\hibernate-commons-annotations\5.1.0.Final\hibernate-commons-annotations-5.1.0.Final.jar;C:\Users\panao\.m2\repository\org\glassfish\jaxb\jaxb-runtime\2.3.2\jaxb-runtime-
Launcher Type: SUN_STANDARD

Environment Variables:
JAVA_HOME=C:\Program Files\Java\jdk1.8.0_101
USERNAME=panao
OS=Windows_NT
PROCESSOR_IDENTIFIER=Intel64 Family 6 Model 78 Stepping 3, GenuineIntel



---------------  S Y S T E M  ---------------

OS: Windows 10.0 , 64 bit Build 18362 (10.0.18362.1316)

CPU:total 4 (2 cores per cpu, 2 threads per core) family 6 model 78 stepping 3, cmov, cx8, fxsr, mmx, sse, sse2, sse3, ssse3, sse4.1, sse4.2, popcnt, avx, avx2, aes, clmul, erms, 3dnowpref, lzcnt, ht, tsc, tscinvbit, bmi1, bmi2, adx

Memory: 4k page, physical 12419336k(5051644k free), swap 21856520k(10600108k free)

vm_info: Java HotSpot(TM) 64-Bit Server VM (25.101-b13) for windows-amd64 JRE (1.8.0_101-b13), built on Jun 22 2016 01:21:29 by "java_re" with MS VC++ 10.0 (VS2010)

time: Thu Jan 28 08:55:01 2021
elapsed time: 304 seconds (0d 0h 5m 4s)

