#
# A fatal error has been detected by the Java Runtime Environment:
#
#  EXCEPTION_ACCESS_VIOLATION (0xc0000005) at pc=0x000000006040a0a5, pid=14484, tid=0x000000000000294c
#
# JRE version: Java(TM) SE Runtime Environment (8.0_101-b13) (build 1.8.0_101-b13)
# Java VM: Java HotSpot(TM) 64-Bit Server VM (25.101-b13 mixed mode windows-amd64 compressed oops)
# Problematic frame:
# V  [jvm.dll+0x12a0a5]
#
# Failed to write core dump. Minidumps are not enabled by default on client versions of Windows
#
# If you would like to submit a bug report, please visit:
#   http://bugreport.java.com/bugreport/crash.jsp
#

---------------  T H R E A D  ---------------

Current thread (0x0000000019d52800):  JavaThread "JDWP Transport Listener: dt_socket" daemon [_thread_in_vm, id=10572, stack(0x000000001b6e0000,0x000000001b7e0000)]

siginfo: ExceptionCode=0xc0000005, reading address 0xffffffffffffffff

Registers:
RAX=0x000000001b7df601, RBX=0x0000000019d52800, RCX=0x000554557373616c, RDX=0x0000000000000000
RSP=0x000000001b7df6a0, RBP=0x000554557373616c, RSI=0x000000001b7df7b8, RDI=0x000000000292ea60
R8 =0x0000000019d52800, R9 =0x0000000000000001, R10=0x0000000000008000, R11=0x000000001b7df5f0
R12=0x0000000000000000, R13=0x0000000019d53788, R14=0x0000000000000000, R15=0x0000000000000000
RIP=0x000000006040a0a5, EFLAGS=0x0000000000010206

Top of Stack: (sp=0x000000001b7df6a0)
0x000000001b7df6a0:   0000000019d52800 0000000019d52800
0x000000001b7df6b0:   000000001b7df768 0000000060612f0b
0x000000001b7df6c0:   0000000019d52800 000000006062f76d
0x000000001b7df6d0:   0000000000000000 0000000060279155
0x000000001b7df6e0:   000000001fb318d8 000000006028291e
0x000000001b7df6f0:   0000000019d52800 0000000000000000
0x000000001b7df700:   0000000000000000 0000000000000000
0x000000001b7df710:   000554557373616c 0000000060281a15
0x000000001b7df720:   000000001b7df7b8 000000001b7df790
0x000000001b7df730:   0000000000000001 000000001fb318d8
0x000000001b7df740:   000554557373616c 00000000602653b3
0x000000001b7df750:   000000001b7df880 0000000000000001
0x000000001b7df760:   0000000000000001 000000001fb318d8
0x000000001b7df770:   0000000000000001 0000000000000000
0x000000001b7df780:   0000000000000000 0000000000000000
0x000000001b7df790:   0000000000000001 0000000060265571 

Instructions: (pc=0x000000006040a0a5)
0x000000006040a085:   cc cc cc cc cc cc cc cc cc cc cc 48 83 ec 28 48
0x000000006040a095:   85 c9 75 07 33 c0 48 83 c4 28 c3 48 89 5c 24 20
0x000000006040a0a5:   48 8b 19 48 85 db 74 20 48 83 fb 37 74 1a 48 8b
0x000000006040a0b5:   13 48 8b cb ff 52 10 84 c0 74 0d 48 8b c3 48 8b 


Register to memory mapping:

RAX=0x000000001b7df601 is pointing into the stack for thread: 0x0000000019d52800
RBX=0x0000000019d52800 is a thread
RCX=0x000554557373616c is an unknown value
RDX=0x0000000000000000 is an unknown value
RSP=0x000000001b7df6a0 is pointing into the stack for thread: 0x0000000019d52800
RBP=0x000554557373616c is an unknown value
RSI=0x000000001b7df7b8 is pointing into the stack for thread: 0x0000000019d52800
RDI=0x000000000292ea60 is an unknown value
R8 =0x0000000019d52800 is a thread
R9 =0x0000000000000001 is an unknown value
R10=0x0000000000008000 is an unknown value
R11=0x000000001b7df5f0 is pointing into the stack for thread: 0x0000000019d52800
R12=0x0000000000000000 is an unknown value
R13=0x0000000019d53788 is an unknown value
R14=0x0000000000000000 is an unknown value
R15=0x0000000000000000 is an unknown value


Stack: [0x000000001b6e0000,0x000000001b7e0000],  sp=0x000000001b7df6a0,  free space=1021k
Native frames: (J=compiled Java code, j=interpreted, Vv=VM code, C=native code)
V  [jvm.dll+0x12a0a5]
V  [jvm.dll+0x34f76d]
C  [jdwp.dll+0x21a15]
C  [jdwp.dll+0x53b3]
C  [jdwp.dll+0x5571]
C  [jdwp.dll+0xf0a8]
C  [jdwp.dll+0x1f2d5]
C  [jdwp.dll+0x1f4aa]
V  [jvm.dll+0x1bd258]
V  [jvm.dll+0x2451a4]
V  [jvm.dll+0x29c18a]
C  [msvcr100.dll+0x21d9f]
C  [msvcr100.dll+0x21e3b]
C  [KERNEL32.DLL+0x17c24]
C  [ntdll.dll+0x6d4d1]


---------------  P R O C E S S  ---------------

Java Threads: ( => current thread )
  0x000000002627e000 JavaThread "DestroyJavaVM" [_thread_blocked, id=16928, stack(0x0000000002b30000,0x0000000002c30000)]
  0x0000000026285000 JavaThread "http-nio-8080-Acceptor" daemon [_thread_in_native, id=18908, stack(0x000000002c810000,0x000000002c910000)]
  0x0000000026284000 JavaThread "http-nio-8080-ClientPoller" daemon [_thread_in_native, id=3188, stack(0x000000002c710000,0x000000002c810000)]
  0x0000000026282800 JavaThread "http-nio-8080-exec-10" daemon [_thread_blocked, id=2488, stack(0x000000002c610000,0x000000002c710000)]
  0x0000000026283800 JavaThread "http-nio-8080-exec-9" daemon [_thread_blocked, id=10916, stack(0x000000002c510000,0x000000002c610000)]
  0x000000002627c000 JavaThread "http-nio-8080-exec-8" daemon [_thread_blocked, id=17116, stack(0x000000002c410000,0x000000002c510000)]
  0x0000000026282000 JavaThread "http-nio-8080-exec-7" daemon [_thread_blocked, id=11788, stack(0x000000002c310000,0x000000002c410000)]
  0x0000000026281000 JavaThread "http-nio-8080-exec-6" daemon [_thread_blocked, id=4836, stack(0x000000002bfc0000,0x000000002c0c0000)]
  0x000000002627b000 JavaThread "http-nio-8080-exec-5" daemon [_thread_blocked, id=19440, stack(0x000000002bec0000,0x000000002bfc0000)]
  0x000000002627d800 JavaThread "http-nio-8080-exec-4" daemon [_thread_blocked, id=15304, stack(0x000000002bdc0000,0x000000002bec0000)]
  0x0000000026280800 JavaThread "http-nio-8080-exec-3" daemon [_thread_blocked, id=9492, stack(0x000000002bcc0000,0x000000002bdc0000)]
  0x000000002627f000 JavaThread "http-nio-8080-exec-2" daemon [_thread_blocked, id=6396, stack(0x0000000029b80000,0x0000000029c80000)]
  0x000000002627f800 JavaThread "http-nio-8080-exec-1" daemon [_thread_blocked, id=15932, stack(0x0000000029a80000,0x0000000029b80000)]
  0x000000002627c800 JavaThread "http-nio-8080-BlockPoller" daemon [_thread_in_native, id=16576, stack(0x00000000274f0000,0x00000000275f0000)]
  0x000000002627a000 JavaThread "container-0" [_thread_blocked, id=7636, stack(0x00000000271f0000,0x00000000272f0000)]
  0x00000000242d6000 JavaThread "Catalina-utility-2" [_thread_blocked, id=17548, stack(0x0000000026cf0000,0x0000000026df0000)]
  0x00000000242d4800 JavaThread "Catalina-utility-1" [_thread_blocked, id=13964, stack(0x0000000023b90000,0x0000000023c90000)]
  0x00000000242d4000 JavaThread "HikariPool-1 housekeeper" daemon [_thread_blocked, id=15640, stack(0x0000000025510000,0x0000000025610000)]
  0x00000000242d3000 JavaThread "PostgreSQL-JDBC-SharedTimer-1" daemon [_thread_blocked, id=13824, stack(0x0000000022840000,0x0000000022940000)]
  0x000000001c74a000 JavaThread "JMX server connection timeout 20" daemon [_thread_blocked, id=10152, stack(0x000000001d420000,0x000000001d520000)]
  0x000000001c703000 JavaThread "RMI TCP Connection(idle)" daemon [_thread_blocked, id=19016, stack(0x000000001d320000,0x000000001d420000)]
  0x000000001c6ff000 JavaThread "RMI Scheduler(0)" daemon [_thread_blocked, id=11472, stack(0x000000001d220000,0x000000001d320000)]
  0x000000001c40f000 JavaThread "RMI TCP Accept-0" daemon [_thread_in_native, id=16512, stack(0x000000001cbe0000,0x000000001cce0000)]
  0x000000001c3b7000 JavaThread "RMI TCP Accept-57004" daemon [_thread_in_native, id=18704, stack(0x000000001cae0000,0x000000001cbe0000)]
  0x000000001c3a5800 JavaThread "RMI TCP Accept-0" daemon [_thread_in_native, id=13872, stack(0x000000001c9e0000,0x000000001cae0000)]
  0x000000001bd3d000 JavaThread "Service Thread" daemon [_thread_blocked, id=19372, stack(0x000000001c0e0000,0x000000001c1e0000)]
  0x0000000019d76000 JavaThread "C1 CompilerThread2" daemon [_thread_blocked, id=12492, stack(0x000000001bbe0000,0x000000001bce0000)]
  0x0000000019d73800 JavaThread "C2 CompilerThread1" daemon [_thread_blocked, id=4400, stack(0x000000001bae0000,0x000000001bbe0000)]
  0x0000000019d6f800 JavaThread "C2 CompilerThread0" daemon [_thread_blocked, id=19660, stack(0x000000001b9e0000,0x000000001bae0000)]
  0x0000000019d63800 JavaThread "JDWP Command Reader" daemon [_thread_in_native, id=17020, stack(0x000000001b8e0000,0x000000001b9e0000)]
  0x0000000019d60800 JavaThread "JDWP Event Helper Thread" daemon [_thread_blocked, id=11040, stack(0x000000001b7e0000,0x000000001b8e0000)]
=>0x0000000019d52800 JavaThread "JDWP Transport Listener: dt_socket" daemon [_thread_in_vm, id=10572, stack(0x000000001b6e0000,0x000000001b7e0000)]
  0x0000000019d48800 JavaThread "Attach Listener" daemon [_thread_blocked, id=17236, stack(0x000000001b2a0000,0x000000001b3a0000)]
  0x0000000019d45000 JavaThread "Signal Dispatcher" daemon [_thread_blocked, id=2700, stack(0x000000001b1a0000,0x000000001b2a0000)]
  0x0000000019d30000 JavaThread "Finalizer" daemon [_thread_blocked, id=6272, stack(0x000000001afa0000,0x000000001b0a0000)]
  0x0000000002d25000 JavaThread "Reference Handler" daemon [_thread_blocked, id=13036, stack(0x000000001aea0000,0x000000001afa0000)]

Other Threads:
  0x0000000019d07000 VMThread [stack: 0x000000001ada0000,0x000000001aea0000] [id=3720]
  0x000000001c418000 WatcherThread [stack: 0x000000001cce0000,0x000000001cde0000] [id=16020]

VM state:not at safepoint (normal execution)

VM Mutex/Monitor currently owned by a thread: None

Heap:
 PSYoungGen      total 235008K, used 129888K [0x0000000780d00000, 0x0000000794400000, 0x00000007c0000000)
  eden space 220160K, 58% used [0x0000000780d00000,0x0000000788bd82b8,0x000000078e400000)
  from space 14848K, 0% used [0x000000078e400000,0x000000078e400000,0x000000078f280000)
  to   space 15360K, 0% used [0x0000000793500000,0x0000000793500000,0x0000000794400000)
 ParOldGen       total 140800K, used 22560K [0x0000000702600000, 0x000000070af80000, 0x0000000780d00000)
  object space 140800K, 16% used [0x0000000702600000,0x0000000703c08330,0x000000070af80000)
 Metaspace       used 65278K, capacity 68780K, committed 68992K, reserved 1107968K
  class space    used 8919K, capacity 9478K, committed 9600K, reserved 1048576K

Card table byte_map: [0x00000000120f0000,0x00000000126e0000] byte_map_base: 0x000000000e8dd000

Marking Bits: (ParMarkBitMap*) 0x0000000060afa6d0
 Begin Bits: [0x0000000012ee0000, 0x0000000015e48000)
 End Bits:   [0x0000000015e48000, 0x0000000018db0000)

Polling page: 0x0000000001050000

CodeCache: size=245760Kb used=16308Kb max_used=16689Kb free=229451Kb
 bounds [0x0000000002d30000, 0x0000000003dd0000, 0x0000000011d30000]
 total_blobs=5589 nmethods=5025 adapters=482
 compilation: enabled

Compilation events (10 events):
Event: 140.707 Thread 0x0000000019d76000 5808       3       java.util.concurrent.locks.ReentrantReadWriteLock::readLock (5 bytes)
Event: 140.708 Thread 0x0000000019d76000 nmethod 5808 0x00000000033bb690 code [0x00000000033bb7e0, 0x00000000033bb950]
Event: 140.708 Thread 0x0000000019d76000 5809       3       java.util.concurrent.locks.AbstractQueuedSynchronizer::doReleaseShared (79 bytes)
Event: 140.710 Thread 0x0000000019d76000 nmethod 5809 0x0000000003951c50 code [0x0000000003951e00, 0x00000000039523e8]
Event: 140.710 Thread 0x0000000019d76000 5810       3       java.util.concurrent.locks.ReentrantReadWriteLock$Sync::sharedCount (5 bytes)
Event: 140.710 Thread 0x0000000019d76000 nmethod 5810 0x0000000003951950 code [0x0000000003951aa0, 0x0000000003951bd0]
Event: 142.965 Thread 0x0000000019d76000 5811       3       java.util.concurrent.locks.AbstractQueuedSynchronizer$ConditionObject::awaitNanos (156 bytes)
Event: 142.967 Thread 0x0000000019d76000 nmethod 5811 0x0000000003c046d0 code [0x0000000003c049e0, 0x0000000003c06198]
Event: 143.966 Thread 0x0000000019d76000 5812       3       java.util.concurrent.locks.AbstractQueuedSynchronizer::transferForSignal (45 bytes)
Event: 143.967 Thread 0x0000000019d76000 nmethod 5812 0x0000000002f42bd0 code [0x0000000002f42d60, 0x0000000002f43278]

GC Heap History (10 events):
Event: 5.926 GC heap before
{Heap before GC invocations=8 (full 1):
 PSYoungGen      total 140800K, used 25309K [0x0000000780d00000, 0x000000078ba00000, 0x00000007c0000000)
  eden space 131584K, 12% used [0x0000000780d00000,0x0000000781cb9000,0x0000000788d80000)
  from space 9216K, 99% used [0x0000000789880000,0x000000078a17e4c8,0x000000078a180000)
  to   space 11264K, 0% used [0x0000000788d80000,0x0000000788d80000,0x0000000789880000)
 ParOldGen       total 72192K, used 8301K [0x0000000702600000, 0x0000000706c80000, 0x0000000780d00000)
  object space 72192K, 11% used [0x0000000702600000,0x0000000702e1b4b8,0x0000000706c80000)
 Metaspace       used 33625K, capacity 35430K, committed 35456K, reserved 1079296K
  class space    used 4391K, capacity 4724K, committed 4736K, reserved 1048576K
Event: 5.936 GC heap after
Heap after GC invocations=8 (full 1):
 PSYoungGen      total 142848K, used 7216K [0x0000000780d00000, 0x0000000790100000, 0x00000007c0000000)
  eden space 131584K, 0% used [0x0000000780d00000,0x0000000780d00000,0x0000000788d80000)
  from space 11264K, 64% used [0x0000000788d80000,0x000000078948c0a8,0x0000000789880000)
  to   space 10752K, 0% used [0x000000078f680000,0x000000078f680000,0x0000000790100000)
 ParOldGen       total 72192K, used 8309K [0x0000000702600000, 0x0000000706c80000, 0x0000000780d00000)
  object space 72192K, 11% used [0x0000000702600000,0x0000000702e1d4b8,0x0000000706c80000)
 Metaspace       used 33625K, capacity 35430K, committed 35456K, reserved 1079296K
  class space    used 4391K, capacity 4724K, committed 4736K, reserved 1048576K
}
Event: 5.936 GC heap before
{Heap before GC invocations=9 (full 2):
 PSYoungGen      total 142848K, used 7216K [0x0000000780d00000, 0x0000000790100000, 0x00000007c0000000)
  eden space 131584K, 0% used [0x0000000780d00000,0x0000000780d00000,0x0000000788d80000)
  from space 11264K, 64% used [0x0000000788d80000,0x000000078948c0a8,0x0000000789880000)
  to   space 10752K, 0% used [0x000000078f680000,0x000000078f680000,0x0000000790100000)
 ParOldGen       total 72192K, used 8309K [0x0000000702600000, 0x0000000706c80000, 0x0000000780d00000)
  object space 72192K, 11% used [0x0000000702600000,0x0000000702e1d4b8,0x0000000706c80000)
 Metaspace       used 33625K, capacity 35430K, committed 35456K, reserved 1079296K
  class space    used 4391K, capacity 4724K, committed 4736K, reserved 1048576K
Event: 5.990 GC heap after
Heap after GC invocations=9 (full 2):
 PSYoungGen      total 142848K, used 0K [0x0000000780d00000, 0x0000000790100000, 0x00000007c0000000)
  eden space 131584K, 0% used [0x0000000780d00000,0x0000000780d00000,0x0000000788d80000)
  from space 11264K, 0% used [0x0000000788d80000,0x0000000788d80000,0x0000000789880000)
  to   space 10752K, 0% used [0x000000078f680000,0x000000078f680000,0x0000000790100000)
 ParOldGen       total 100864K, used 11677K [0x0000000702600000, 0x0000000708880000, 0x0000000780d00000)
  object space 100864K, 11% used [0x0000000702600000,0x0000000703167730,0x0000000708880000)
 Metaspace       used 33625K, capacity 35430K, committed 35456K, reserved 1079296K
  class space    used 4391K, capacity 4724K, committed 4736K, reserved 1048576K
}
Event: 9.591 GC heap before
{Heap before GC invocations=10 (full 2):
 PSYoungGen      total 142848K, used 131584K [0x0000000780d00000, 0x0000000790100000, 0x00000007c0000000)
  eden space 131584K, 100% used [0x0000000780d00000,0x0000000788d80000,0x0000000788d80000)
  from space 11264K, 0% used [0x0000000788d80000,0x0000000788d80000,0x0000000789880000)
  to   space 10752K, 0% used [0x000000078f680000,0x000000078f680000,0x0000000790100000)
 ParOldGen       total 100864K, used 11677K [0x0000000702600000, 0x0000000708880000, 0x0000000780d00000)
  object space 100864K, 11% used [0x0000000702600000,0x0000000703167730,0x0000000708880000)
 Metaspace       used 49905K, capacity 52148K, committed 52352K, reserved 1093632K
  class space    used 6849K, capacity 7243K, committed 7296K, reserved 1048576K
Event: 9.608 GC heap after
Heap after GC invocations=10 (full 2):
 PSYoungGen      total 223232K, used 10746K [0x0000000780d00000, 0x0000000790100000, 0x00000007c0000000)
  eden space 212480K, 0% used [0x0000000780d00000,0x0000000780d00000,0x000000078dc80000)
  from space 10752K, 99% used [0x000000078f680000,0x00000007900feb70,0x0000000790100000)
  to   space 14848K, 0% used [0x000000078e400000,0x000000078e400000,0x000000078f280000)
 ParOldGen       total 100864K, used 18075K [0x0000000702600000, 0x0000000708880000, 0x0000000780d00000)
  object space 100864K, 17% used [0x0000000702600000,0x00000007037a6ff8,0x0000000708880000)
 Metaspace       used 49905K, capacity 52148K, committed 52352K, reserved 1093632K
  class space    used 6849K, capacity 7243K, committed 7296K, reserved 1048576K
}
Event: 10.928 GC heap before
{Heap before GC invocations=11 (full 2):
 PSYoungGen      total 223232K, used 94320K [0x0000000780d00000, 0x0000000790100000, 0x00000007c0000000)
  eden space 212480K, 39% used [0x0000000780d00000,0x0000000785e9d698,0x000000078dc80000)
  from space 10752K, 99% used [0x000000078f680000,0x00000007900feb70,0x0000000790100000)
  to   space 14848K, 0% used [0x000000078e400000,0x000000078e400000,0x000000078f280000)
 ParOldGen       total 100864K, used 18075K [0x0000000702600000, 0x0000000708880000, 0x0000000780d00000)
  object space 100864K, 17% used [0x0000000702600000,0x00000007037a6ff8,0x0000000708880000)
 Metaspace       used 56124K, capacity 58996K, committed 59096K, reserved 1099776K
  class space    used 7733K, capacity 8220K, committed 8320K, reserved 1048576K
Event: 10.947 GC heap after
Heap after GC invocations=11 (full 2):
 PSYoungGen      total 235008K, used 12331K [0x0000000780d00000, 0x0000000794400000, 0x00000007c0000000)
  eden space 220160K, 0% used [0x0000000780d00000,0x0000000780d00000,0x000000078e400000)
  from space 14848K, 83% used [0x000000078e400000,0x000000078f00ade8,0x000000078f280000)
  to   space 15360K, 0% used [0x0000000793500000,0x0000000793500000,0x0000000794400000)
 ParOldGen       total 100864K, used 18083K [0x0000000702600000, 0x0000000708880000, 0x0000000780d00000)
  object space 100864K, 17% used [0x0000000702600000,0x00000007037a8ff8,0x0000000708880000)
 Metaspace       used 56124K, capacity 58996K, committed 59096K, reserved 1099776K
  class space    used 7733K, capacity 8220K, committed 8320K, reserved 1048576K
}
Event: 10.947 GC heap before
{Heap before GC invocations=12 (full 3):
 PSYoungGen      total 235008K, used 12331K [0x0000000780d00000, 0x0000000794400000, 0x00000007c0000000)
  eden space 220160K, 0% used [0x0000000780d00000,0x0000000780d00000,0x000000078e400000)
  from space 14848K, 83% used [0x000000078e400000,0x000000078f00ade8,0x000000078f280000)
  to   space 15360K, 0% used [0x0000000793500000,0x0000000793500000,0x0000000794400000)
 ParOldGen       total 100864K, used 18083K [0x0000000702600000, 0x0000000708880000, 0x0000000780d00000)
  object space 100864K, 17% used [0x0000000702600000,0x00000007037a8ff8,0x0000000708880000)
 Metaspace       used 56124K, capacity 58996K, committed 59096K, reserved 1099776K
  class space    used 7733K, capacity 8220K, committed 8320K, reserved 1048576K
Event: 11.124 GC heap after
Heap after GC invocations=12 (full 3):
 PSYoungGen      total 235008K, used 0K [0x0000000780d00000, 0x0000000794400000, 0x00000007c0000000)
  eden space 220160K, 0% used [0x0000000780d00000,0x0000000780d00000,0x000000078e400000)
  from space 14848K, 0% used [0x000000078e400000,0x000000078e400000,0x000000078f280000)
  to   space 15360K, 0% used [0x0000000793500000,0x0000000793500000,0x0000000794400000)
 ParOldGen       total 140800K, used 22560K [0x0000000702600000, 0x000000070af80000, 0x0000000780d00000)
  object space 140800K, 16% used [0x0000000702600000,0x0000000703c08330,0x000000070af80000)
 Metaspace       used 56124K, capacity 58996K, committed 59096K, reserved 1099776K
  class space    used 7733K, capacity 8220K, committed 8320K, reserved 1048576K
}

Deoptimization events (10 events):
Event: 104.650 Thread 0x000000002627f000 Uncommon trap: reason=unhandled action=none pc=0x0000000003916660 method=java.net.URLClassLoader.findClass(Ljava/lang/String;)Ljava/lang/Class; @ 44
Event: 104.657 Thread 0x000000002627f000 Uncommon trap: reason=unhandled action=none pc=0x0000000003916660 method=java.net.URLClassLoader.findClass(Ljava/lang/String;)Ljava/lang/Class; @ 44
Event: 104.696 Thread 0x000000002627f000 Uncommon trap: reason=unhandled action=none pc=0x0000000003916660 method=java.net.URLClassLoader.findClass(Ljava/lang/String;)Ljava/lang/Class; @ 44
Event: 104.697 Thread 0x000000002627f000 Uncommon trap: reason=unhandled action=none pc=0x0000000003916660 method=java.net.URLClassLoader.findClass(Ljava/lang/String;)Ljava/lang/Class; @ 44
Event: 104.703 Thread 0x000000002627f000 Uncommon trap: reason=unhandled action=none pc=0x0000000003916660 method=java.net.URLClassLoader.findClass(Ljava/lang/String;)Ljava/lang/Class; @ 44
Event: 104.707 Thread 0x000000002627f000 Uncommon trap: reason=unhandled action=none pc=0x0000000003916660 method=java.net.URLClassLoader.findClass(Ljava/lang/String;)Ljava/lang/Class; @ 44
Event: 104.708 Thread 0x000000002627f000 Uncommon trap: reason=unhandled action=none pc=0x0000000003916660 method=java.net.URLClassLoader.findClass(Ljava/lang/String;)Ljava/lang/Class; @ 44
Event: 104.710 Thread 0x000000002627f000 Uncommon trap: reason=unhandled action=none pc=0x0000000003916660 method=java.net.URLClassLoader.findClass(Ljava/lang/String;)Ljava/lang/Class; @ 44
Event: 104.711 Thread 0x000000002627f000 Uncommon trap: reason=unhandled action=none pc=0x0000000003916660 method=java.net.URLClassLoader.findClass(Ljava/lang/String;)Ljava/lang/Class; @ 44
Event: 104.711 Thread 0x000000002627f000 Uncommon trap: reason=unhandled action=none pc=0x0000000003916660 method=java.net.URLClassLoader.findClass(Ljava/lang/String;)Ljava/lang/Class; @ 44

Internal exceptions (10 events):
Event: 101.423 Thread 0x000000002627f000 Exception <a 'java/lang/ArrayIndexOutOfBoundsException': 128> (0x0000000788046bd0) thrown at [C:\re\workspace\8-2-build-windows-amd64-cygwin\jdk8u101\7261\hotspot\src\share\vm\interpreter\interpreterRuntime.cpp, line 366]
Event: 101.423 Thread 0x000000002627f000 Exception <a 'java/lang/ArrayIndexOutOfBoundsException': 54> (0x00000007880481b0) thrown at [C:\re\workspace\8-2-build-windows-amd64-cygwin\jdk8u101\7261\hotspot\src\share\vm\interpreter\interpreterRuntime.cpp, line 366]
Event: 101.424 Thread 0x000000002627f000 Exception <a 'java/lang/ArrayIndexOutOfBoundsException': 56> (0x0000000788053410) thrown at [C:\re\workspace\8-2-build-windows-amd64-cygwin\jdk8u101\7261\hotspot\src\share\vm\interpreter\interpreterRuntime.cpp, line 366]
Event: 104.573 Thread 0x000000002627f000 Exception <a 'java/lang/ArrayIndexOutOfBoundsException': 64> (0x0000000788778c90) thrown at [C:\re\workspace\8-2-build-windows-amd64-cygwin\jdk8u101\7261\hotspot\src\share\vm\interpreter\interpreterRuntime.cpp, line 366]
Event: 104.587 Thread 0x000000002627f000 Exception <a 'java/lang/ArrayIndexOutOfBoundsException': 151> (0x00000007887e19b0) thrown at [C:\re\workspace\8-2-build-windows-amd64-cygwin\jdk8u101\7261\hotspot\src\share\vm\interpreter\interpreterRuntime.cpp, line 366]
Event: 104.590 Thread 0x000000002627f000 Exception <a 'java/lang/ArrayIndexOutOfBoundsException': 38> (0x00000007887fc3b8) thrown at [C:\re\workspace\8-2-build-windows-amd64-cygwin\jdk8u101\7261\hotspot\src\share\vm\interpreter\interpreterRuntime.cpp, line 366]
Event: 104.590 Thread 0x000000002627f000 Exception <a 'java/lang/ArrayIndexOutOfBoundsException': 44> (0x00000007887fdbc0) thrown at [C:\re\workspace\8-2-build-windows-amd64-cygwin\jdk8u101\7261\hotspot\src\share\vm\interpreter\interpreterRuntime.cpp, line 366]
Event: 104.616 Thread 0x000000002627f000 Exception <a 'java/lang/ArrayIndexOutOfBoundsException': 151> (0x0000000788898a68) thrown at [C:\re\workspace\8-2-build-windows-amd64-cygwin\jdk8u101\7261\hotspot\src\share\vm\interpreter\interpreterRuntime.cpp, line 366]
Event: 104.617 Thread 0x000000002627f000 Exception <a 'java/lang/ArrayIndexOutOfBoundsException': 38> (0x000000078889b840) thrown at [C:\re\workspace\8-2-build-windows-amd64-cygwin\jdk8u101\7261\hotspot\src\share\vm\interpreter\interpreterRuntime.cpp, line 366]
Event: 104.617 Thread 0x000000002627f000 Exception <a 'java/lang/ArrayIndexOutOfBoundsException': 44> (0x000000078889cf98) thrown at [C:\re\workspace\8-2-build-windows-amd64-cygwin\jdk8u101\7261\hotspot\src\share\vm\interpreter\interpreterRuntime.cpp, line 366]

Events (10 events):
Event: 104.712 loading class org/hibernate/engine/spi/SharedSessionContractImplementor
Event: 104.712 loading class org/hibernate/engine/spi/SharedSessionContractImplementor done
Event: 104.713 loading class org/hibernate/collection/spi/PersistentCollection
Event: 104.713 loading class org/hibernate/collection/spi/PersistentCollection done
Event: 104.713 loading class org/hibernate/engine/spi/SharedSessionContractImplementor
Event: 104.713 loading class org/hibernate/engine/spi/SharedSessionContractImplementor done
Event: 104.713 loading class org/hibernate/internal/util/collections/IdentityMap$IdentityKey
Event: 104.713 loading class org/hibernate/internal/util/collections/IdentityMap$IdentityKey done
Event: 147.347 Executing VM operation: RedefineClasses
Event: 147.392 Executing VM operation: RedefineClasses done


Dynamic libraries:
0x00007ff69da70000 - 0x00007ff69daa7000 	C:\Program Files\Java\jdk1.8.0_101\bin\javaw.exe
0x00007ffbfb640000 - 0x00007ffbfb830000 	C:\WINDOWS\SYSTEM32\ntdll.dll
0x00007ffbfaf80000 - 0x00007ffbfb032000 	C:\WINDOWS\System32\KERNEL32.DLL
0x00007ffbf9410000 - 0x00007ffbf96b5000 	C:\WINDOWS\System32\KERNELBASE.dll
0x00007ffbfb120000 - 0x00007ffbfb1c3000 	C:\WINDOWS\System32\ADVAPI32.dll
0x00007ffbfb550000 - 0x00007ffbfb5ee000 	C:\WINDOWS\System32\msvcrt.dll
0x00007ffbf9830000 - 0x00007ffbf98c7000 	C:\WINDOWS\System32\sechost.dll
0x00007ffbf9930000 - 0x00007ffbf9a4f000 	C:\WINDOWS\System32\RPCRT4.dll
0x00007ffbfb3b0000 - 0x00007ffbfb544000 	C:\WINDOWS\System32\USER32.dll
0x00007ffbf96c0000 - 0x00007ffbf96e1000 	C:\WINDOWS\System32\win32u.dll
0x00007ffbfaf50000 - 0x00007ffbfaf76000 	C:\WINDOWS\System32\GDI32.dll
0x00007ffbf87c0000 - 0x00007ffbf8958000 	C:\WINDOWS\System32\gdi32full.dll
0x00007ffbf91c0000 - 0x00007ffbf925e000 	C:\WINDOWS\System32\msvcp_win.dll
0x00007ffbf86c0000 - 0x00007ffbf87ba000 	C:\WINDOWS\System32\ucrtbase.dll
0x00007ffbe1330000 - 0x00007ffbe15b4000 	C:\WINDOWS\WinSxS\amd64_microsoft.windows.common-controls_6595b64144ccf1df_6.0.18362.1316_none_9e7a364fe461dbd7\COMCTL32.dll
0x00007ffbfab50000 - 0x00007ffbfae87000 	C:\WINDOWS\System32\combase.dll
0x00007ffbf85c0000 - 0x00007ffbf8641000 	C:\WINDOWS\System32\bcryptPrimitives.dll
0x00007ffbf9ea0000 - 0x00007ffbf9ece000 	C:\WINDOWS\System32\IMM32.DLL
0x0000000060b80000 - 0x0000000060c52000 	C:\Program Files\Java\jdk1.8.0_101\jre\bin\msvcr100.dll
0x00000000602e0000 - 0x0000000060b7a000 	C:\Program Files\Java\jdk1.8.0_101\jre\bin\server\jvm.dll
0x00007ffbf9d50000 - 0x00007ffbf9d58000 	C:\WINDOWS\System32\PSAPI.DLL
0x00007ffbf5e30000 - 0x00007ffbf5e54000 	C:\WINDOWS\SYSTEM32\WINMM.dll
0x00007ffbe3890000 - 0x00007ffbe3899000 	C:\WINDOWS\SYSTEM32\WSOCK32.dll
0x00007ffbfaae0000 - 0x00007ffbfab4f000 	C:\WINDOWS\System32\WS2_32.dll
0x00007ffbee770000 - 0x00007ffbee77a000 	C:\WINDOWS\SYSTEM32\VERSION.dll
0x00007ffbf5e00000 - 0x00007ffbf5e2d000 	C:\WINDOWS\SYSTEM32\winmmbase.dll
0x00007ffbf8650000 - 0x00007ffbf869a000 	C:\WINDOWS\System32\cfgmgr32.dll
0x00000000602d0000 - 0x00000000602df000 	C:\Program Files\Java\jdk1.8.0_101\jre\bin\verify.dll
0x00000000602a0000 - 0x00000000602c9000 	C:\Program Files\Java\jdk1.8.0_101\jre\bin\java.dll
0x0000000060260000 - 0x0000000060295000 	C:\Program Files\Java\jdk1.8.0_101\jre\bin\jdwp.dll
0x0000000060250000 - 0x0000000060258000 	C:\Program Files\Java\jdk1.8.0_101\jre\bin\npt.dll
0x0000000060230000 - 0x0000000060246000 	C:\Program Files\Java\jdk1.8.0_101\jre\bin\zip.dll
0x00007ffbfa3f0000 - 0x00007ffbfaad8000 	C:\WINDOWS\System32\SHELL32.dll
0x00007ffbfa340000 - 0x00007ffbfa3e7000 	C:\WINDOWS\System32\shcore.dll
0x00007ffbf8960000 - 0x00007ffbf90db000 	C:\WINDOWS\System32\windows.storage.dll
0x00007ffbf8570000 - 0x00007ffbf8593000 	C:\WINDOWS\System32\profapi.dll
0x00007ffbf8500000 - 0x00007ffbf854a000 	C:\WINDOWS\System32\powrprof.dll
0x00007ffbf84f0000 - 0x00007ffbf8500000 	C:\WINDOWS\System32\UMPDC.dll
0x00007ffbf98d0000 - 0x00007ffbf9922000 	C:\WINDOWS\System32\shlwapi.dll
0x00007ffbf85a0000 - 0x00007ffbf85b1000 	C:\WINDOWS\System32\kernel.appcore.dll
0x00007ffbf86a0000 - 0x00007ffbf86b7000 	C:\WINDOWS\System32\cryptsp.dll
0x0000000060220000 - 0x0000000060229000 	C:\Program Files\Java\jdk1.8.0_101\jre\bin\dt_socket.dll
0x00007ffbe4b40000 - 0x00007ffbe4b56000 	C:\WINDOWS\system32\napinsp.dll
0x00007ffbe3610000 - 0x00007ffbe362a000 	C:\WINDOWS\system32\pnrpnsp.dll
0x00007ffbf7cd0000 - 0x00007ffbf7d37000 	C:\WINDOWS\System32\mswsock.dll
0x00007ffbf7a20000 - 0x00007ffbf7aeb000 	C:\WINDOWS\SYSTEM32\DNSAPI.dll
0x00007ffbfae90000 - 0x00007ffbfae98000 	C:\WINDOWS\System32\NSI.dll
0x00007ffbf79e0000 - 0x00007ffbf7a1a000 	C:\WINDOWS\SYSTEM32\IPHLPAPI.DLL
0x00007ffbec6c0000 - 0x00007ffbec6ce000 	C:\WINDOWS\System32\winrnr.dll
0x00007ffbf4560000 - 0x00007ffbf457c000 	C:\WINDOWS\system32\NLAapi.dll
0x00007ffbf28d0000 - 0x00007ffbf28e5000 	C:\WINDOWS\system32\wshbth.dll
0x00007ffbf0c30000 - 0x00007ffbf0ca7000 	C:\WINDOWS\System32\fwpuclnt.dll
0x00007ffbf90e0000 - 0x00007ffbf9106000 	C:\WINDOWS\System32\bcrypt.dll
0x00007ffbede90000 - 0x00007ffbede9a000 	C:\Windows\System32\rasadhlp.dll
0x0000000060210000 - 0x000000006021d000 	C:\Program Files\Java\jdk1.8.0_101\jre\bin\management.dll
0x00000000601f0000 - 0x000000006020a000 	C:\Program Files\Java\jdk1.8.0_101\jre\bin\net.dll
0x00000000601d0000 - 0x00000000601e1000 	C:\Program Files\Java\jdk1.8.0_101\jre\bin\nio.dll
0x00007ffbf7850000 - 0x00007ffbf7883000 	C:\WINDOWS\system32\rsaenh.dll
0x00007ffbf8410000 - 0x00007ffbf8435000 	C:\WINDOWS\SYSTEM32\USERENV.dll
0x00007ffbf7ea0000 - 0x00007ffbf7eac000 	C:\WINDOWS\SYSTEM32\CRYPTBASE.dll
0x00007ffbf2050000 - 0x00007ffbf2066000 	C:\WINDOWS\SYSTEM32\dhcpcsvc6.DLL
0x00007ffbf11b0000 - 0x00007ffbf11cc000 	C:\WINDOWS\SYSTEM32\dhcpcsvc.DLL
0x00000000601a0000 - 0x00000000601c4000 	C:\Program Files\Java\jdk1.8.0_101\jre\bin\sunec.dll
0x00007ffbf6d00000 - 0x00007ffbf6ef4000 	C:\WINDOWS\SYSTEM32\dbghelp.dll

VM Arguments:
jvm_args: -agentlib:jdwp=transport=dt_socket,suspend=y,address=localhost:57005 -Dcom.sun.management.jmxremote -Dcom.sun.management.jmxremote.port=57004 -Dcom.sun.management.jmxremote.authenticate=false -Dcom.sun.management.jmxremote.ssl=false -Dspring.liveBeansView.mbeanDomain -Dspring.application.admin.enabled=true -Dfile.encoding=UTF-8 
java_command: com.patitas.SpringBootDataJpaApplication --spring.output.ansi.enabled=always
java_class_path (initial): C:\Users\panao\git\Backend-PatitasEnfoca\target\classes;C:\Users\panao\.m2\repository\org\springframework\boot\spring-boot-starter-data-jpa\2.2.1.RELEASE\spring-boot-starter-data-jpa-2.2.1.RELEASE.jar;C:\Users\panao\.m2\repository\org\springframework\boot\spring-boot-starter-aop\2.2.1.RELEASE\spring-boot-starter-aop-2.2.1.RELEASE.jar;C:\Users\panao\.m2\repository\org\aspectj\aspectjweaver\1.9.4\aspectjweaver-1.9.4.jar;C:\Users\panao\.m2\repository\org\springframework\boot\spring-boot-starter-jdbc\2.2.1.RELEASE\spring-boot-starter-jdbc-2.2.1.RELEASE.jar;C:\Users\panao\.m2\repository\com\zaxxer\HikariCP\3.4.1\HikariCP-3.4.1.jar;C:\Users\panao\.m2\repository\org\springframework\spring-jdbc\5.2.1.RELEASE\spring-jdbc-5.2.1.RELEASE.jar;C:\Users\panao\.m2\repository\jakarta\activation\jakarta.activation-api\1.2.1\jakarta.activation-api-1.2.1.jar;C:\Users\panao\.m2\repository\jakarta\persistence\jakarta.persistence-api\2.2.3\jakarta.persistence-api-2.2.3.jar;C:\Users\panao\.m2\repository\jakarta\transaction\jakarta.transaction-api\1.3.3\jakarta.transaction-api-1.3.3.jar;C:\Users\panao\.m2\repository\org\hibernate\hibernate-core\5.4.8.Final\hibernate-core-5.4.8.Final.jar;C:\Users\panao\.m2\repository\org\jboss\logging\jboss-logging\3.4.1.Final\jboss-logging-3.4.1.Final.jar;C:\Users\panao\.m2\repository\org\javassist\javassist\3.24.0-GA\javassist-3.24.0-GA.jar;C:\Users\panao\.m2\repository\net\bytebuddy\byte-buddy\1.10.2\byte-buddy-1.10.2.jar;C:\Users\panao\.m2\repository\antlr\antlr\2.7.7\antlr-2.7.7.jar;C:\Users\panao\.m2\repository\org\jboss\jandex\2.0.5.Final\jandex-2.0.5.Final.jar;C:\Users\panao\.m2\repository\com\fasterxml\classmate\1.5.1\classmate-1.5.1.jar;C:\Users\panao\.m2\repository\org\dom4j\dom4j\2.1.1\dom4j-2.1.1.jar;C:\Users\panao\.m2\repository\org\hibernate\common\hibernate-commons-annotations\5.1.0.Final\hibernate-commons-annotations-5.1.0.Final.jar;C:\Users\panao\.m2\repository\org\glassfish\jaxb\jaxb-runtime\2.3.2\jaxb-runtime-
Launcher Type: SUN_STANDARD

Environment Variables:
JAVA_HOME=C:\Program Files\Java\jdk1.8.0_101
USERNAME=panao
OS=Windows_NT
PROCESSOR_IDENTIFIER=Intel64 Family 6 Model 78 Stepping 3, GenuineIntel



---------------  S Y S T E M  ---------------

OS: Windows 10.0 , 64 bit Build 18362 (10.0.18362.1316)

CPU:total 4 (2 cores per cpu, 2 threads per core) family 6 model 78 stepping 3, cmov, cx8, fxsr, mmx, sse, sse2, sse3, ssse3, sse4.1, sse4.2, popcnt, avx, avx2, aes, clmul, erms, 3dnowpref, lzcnt, ht, tsc, tscinvbit, bmi1, bmi2, adx

Memory: 4k page, physical 12419336k(5126400k free), swap 21856520k(10504052k free)

vm_info: Java HotSpot(TM) 64-Bit Server VM (25.101-b13) for windows-amd64 JRE (1.8.0_101-b13), built on Jun 22 2016 01:21:29 by "java_re" with MS VC++ 10.0 (VS2010)

time: Thu Jan 28 09:03:33 2021
elapsed time: 147 seconds (0d 0h 2m 27s)

